2016-10-03 | 13:18:02 : Die Monitore sind eingeschaltet
2016-10-03 | 13:19:01 : Die Monitore sind eingeschaltet
2016-10-03 | 13:20:01 : Die Monitore sind eingeschaltet
2016-10-03 | 13:21:01 : Die Monitore sind eingeschaltet
2016-10-03 | 13:22:01 : Die Monitore sind eingeschaltet
2016-10-03 | 13:23:01 : Die Monitore sind eingeschaltet
2016-10-03 | 13:24:01 : Die Monitore sind eingeschaltet
2016-10-03 | 13:25:01 : Die Monitore sind eingeschaltet
2016-10-03 | 13:26:01 : Die Monitore sind eingeschaltet
2016-10-03 | 13:27:01 : Die Monitore sind eingeschaltet
2016-10-03 | 13:28:01 : Die Monitore sind eingeschaltet
2016-10-03 | 13:29:01 : Die Monitore sind eingeschaltet
2016-10-03 | 13:30:01 : Die Monitore sind eingeschaltet
2016-10-03 | 13:31:01 : Die Monitore sind eingeschaltet
2016-10-03 | 13:32:01 : Die Monitore sind eingeschaltet
2016-10-03 | 13:33:01 : Die Monitore sind eingeschaltet
2016-10-03 | 13:34:01 : Die Monitore sind eingeschaltet
2016-10-03 | 13:35:01 : Die Monitore sind eingeschaltet
2016-10-03 | 13:36:01 : Die Monitore sind eingeschaltet
2016-10-03 | 13:37:01 : Die Monitore sind eingeschaltet
2016-10-03 | 13:38:01 : Die Monitore sind eingeschaltet
2016-10-03 | 13:39:01 : Die Monitore sind eingeschaltet
2016-10-03 | 13:40:01 : Die Monitore sind eingeschaltet
2016-10-03 | 13:41:01 : Die Monitore sind eingeschaltet
2016-10-03 | 13:42:01 : Die Monitore sind eingeschaltet
2016-10-03 | 13:43:01 : Die Monitore sind eingeschaltet
2016-10-03 | 13:44:01 : Die Monitore sind eingeschaltet
2016-10-03 | 13:45:01 : Die Monitore sind eingeschaltet
2016-10-03 | 13:46:01 : Die Monitore sind eingeschaltet
2016-10-03 | 13:47:01 : Die Monitore sind eingeschaltet
2016-10-03 | 13:48:01 : Die Monitore sind eingeschaltet
2016-10-03 | 13:49:01 : Die Monitore sind eingeschaltet
2016-10-03 | 13:50:01 : Die Monitore sind eingeschaltet
2016-10-03 | 13:51:01 : Die Monitore sind eingeschaltet
2016-10-03 | 13:52:01 : Die Monitore sind eingeschaltet
2016-10-03 | 13:53:01 : Die Monitore sind eingeschaltet
2016-10-03 | 13:54:01 : Die Monitore sind eingeschaltet
2016-10-03 | 13:55:01 : Die Monitore sind eingeschaltet
2016-10-03 | 13:56:01 : Die Monitore sind eingeschaltet
2016-10-03 | 13:57:01 : Die Monitore sind eingeschaltet
2016-10-03 | 13:58:01 : Die Monitore sind eingeschaltet
2016-10-03 | 13:59:01 : Die Monitore sind eingeschaltet
2016-10-03 | 14:00:01 : Die Monitore sind ausgeschaltet
2016-10-03 | 14:01:01 : Die Monitore sind eingeschaltet
2016-10-03 | 14:02:01 : Die Monitore sind eingeschaltet
2016-10-03 | 14:03:01 : Die Monitore sind eingeschaltet
2016-10-03 | 14:04:01 : Die Monitore sind eingeschaltet
2016-10-03 | 14:04:50 : Auf Grund von bas sind die Monitore eingeschaltet
2016-10-03 | 14:04:50 : Die Monitore sind eingeschaltet
2016-10-03 | 14:05:01 : Die Monitore sind eingeschaltet
2016-10-03 | 14:05:07 : Auf Grund von bas sind die Monitore eingeschaltet
2016-10-03 | 14:05:08 : Auf Grund von bas sind die Monitore eingeschaltet
2016-10-03 | 14:05:08 : Auf Grund von bas sind die Monitore eingeschaltet
2016-10-03 | 14:06:01 : Die Monitore sind eingeschaltet
2016-10-03 | 14:07:01 : Die Monitore sind eingeschaltet
2016-10-03 | 14:07:33 : Auf Grund von "bas" sind die Monitore eingeschaltet
2016-10-03 | 14:08:01 : Die Monitore sind eingeschaltet
2016-10-03 | 14:09:01 : Die Monitore sind eingeschaltet
2016-10-03 | 14:18:01 : Die Monitore sind eingeschaltet
2016-10-03 | 14:19:01 : Die Monitore sind eingeschaltet
2016-10-03 | 14:20:01 : Die Monitore sind eingeschaltet
2016-10-03 | 14:21:01 : Die Monitore sind eingeschaltet
2016-10-03 | 14:22:01 : Die Monitore sind eingeschaltet
2016-10-03 | 14:23:01 : Die Monitore sind eingeschaltet
2016-10-03 | 14:24:01 : Die Monitore sind eingeschaltet
2016-10-03 | 14:25:01 : Die Monitore sind eingeschaltet
2016-10-03 | 14:26:01 : Die Monitore sind eingeschaltet
2016-10-03 | 15:24:01 : Die Monitore sind eingeschaltet
2016-10-03 | 15:25:01 : Die Monitore sind eingeschaltet
2016-10-03 | 15:25:10 : Die Monitore sind eingeschaltet
2016-10-03 | 15:26:01 : Die Monitore sind eingeschaltet
2016-10-03 | 15:27:00 : Die Monitore sind eingeschaltet
2016-10-03 | 15:27:01 : Die Monitore sind eingeschaltet
2016-10-03 | 15:27:24 : Die Monitore sind eingeschaltet
2016-10-03 | 15:27:50 : Die Monitore sind eingeschaltet
2016-10-03 | 15:27:53 : Die Monitore sind eingeschaltet
2016-10-03 | 15:27:53 : Die Monitore sind eingeschaltet
2016-10-03 | 15:27:54 : Die Monitore sind eingeschaltet
2016-10-03 | 15:27:54 : Die Monitore sind eingeschaltet
2016-10-03 | 15:27:55 : Die Monitore sind eingeschaltet
2016-10-03 | 15:27:55 : Die Monitore sind eingeschaltet
2016-10-03 | 15:27:56 : Die Monitore sind eingeschaltet
2016-10-03 | 15:27:56 : Die Monitore sind eingeschaltet
2016-10-03 | 15:27:56 : Die Monitore sind eingeschaltet
2016-10-03 | 15:27:57 : Die Monitore sind eingeschaltet
2016-10-03 | 15:27:57 : Die Monitore sind eingeschaltet
2016-10-03 | 15:27:57 : Die Monitore sind eingeschaltet
2016-10-03 | 15:27:57 : Die Monitore sind eingeschaltet
2016-10-03 | 15:27:57 : Die Monitore sind eingeschaltet
2016-10-03 | 15:27:58 : Die Monitore sind eingeschaltet
2016-10-03 | 15:27:58 : Die Monitore sind eingeschaltet
2016-10-03 | 15:28:01 : Die Monitore sind eingeschaltet
crawler@[15:28:35,000000]$ Die Monitore sind eingeschaltet
crawler@[15:28:49,000000]$ Die Monitore sind eingeschaltet
crawler@[15:29:01,000000]$ Die Monitore sind eingeschaltet
crawler@[15:30:01,000000]$ Die Monitore sind eingeschaltet
crawler@[15:31:01,000000]$ Die Monitore sind eingeschaltet
crawler@[15:32:01,000000]$ Die Monitore sind eingeschaltet
crawler@[15:33:01,000000]$ Die Monitore sind eingeschaltet
crawler@[15:33:56,000000]$ Die Monitore sind eingeschaltet
crawler@[15:34:01,000000]$ Die Monitore sind eingeschaltet
crawler@[15:35:01,000000]$ Die Monitore sind eingeschaltet
crawler@[15:36:01,000000]$ Die Monitore sind eingeschaltet
crawler@[15:37:01,000000]$ Die Monitore sind eingeschaltet
2016-10-03 | 15:37:39 : Auf Grund von "bas" sind die Monitore eingeschaltet
crawler@[15:38:01,000000]$ Die Monitore sind eingeschaltet
2016-10-03 | 15:38:18 : Auf Grund von "bas" sind die Monitore eingeschaltet
crawler@[15:39:01,000000]$ Die Monitore sind eingeschaltet
crawler@[15:40:01,000000]$ Die Monitore sind eingeschaltet
crawler@[15:41:01,000000]$ Die Monitore sind eingeschaltet
crawler@[15:42:01,000000]$ Die Monitore sind eingeschaltet
2016-10-03 | 15:42:58 : Auf Grund von "bas" sind die Monitore eingeschaltet
crawler@[15:43:01,000000]$ Die Monitore sind eingeschaltet
crawler@[15:44:01,000000]$ Die Monitore sind eingeschaltet
crawler@[15:45:01,000000]$ Die Monitore sind eingeschaltet
crawler@[15:46:01,000000]$ Die Monitore sind eingeschaltet
crawler@[15:47:01,000000]$ Die Monitore sind eingeschaltet
crawler@[15:48:01,000000]$ Die Monitore sind eingeschaltet
crawler@[15:49:01,000000]$ Die Monitore sind eingeschaltet
crawler@[15:50:01,000000]$ Die Monitore sind eingeschaltet
crawler@[15:51:01,000000]$ Die Monitore sind eingeschaltet
crawler@[15:52:01,000000]$ Die Monitore sind eingeschaltet
crawler@[15:53:01,000000]$ Die Monitore sind eingeschaltet
crawler@[15:54:01,000000]$ Die Monitore sind eingeschaltet
2016-10-03 | 15:54:35 : Auf Grund von "bas" sind die Monitore eingeschaltet
crawler@[15:55:01,000000]$ Die Monitore sind eingeschaltet
2016-10-03 | 15:56:01 : Auf Grund von "bas" sind die Monitore eingeschaltet
2016-10-03 | 15:57:01 : Auf Grund von "bas" sind die Monitore eingeschaltet
2016-10-03 | 15:58:01 : Auf Grund von "bas" sind die Monitore eingeschaltet
2016-10-03 | 15:59:01 : Auf Grund von "bas" sind die Monitore eingeschaltet
2016-10-03 | 16:00:01 : Auf Grund von "bas" sind die Monitore eingeschaltet
2016-10-03 | 16:01:01 : Auf Grund von "bas" sind die Monitore eingeschaltet
2016-10-03 | 16:02:01 : Auf Grund von "bas" sind die Monitore eingeschaltet
2016-10-03 | 16:03:01 : Auf Grund von "bas" sind die Monitore eingeschaltet
2016-10-03 | 16:04:01 : Auf Grund von "bas" sind die Monitore eingeschaltet
2016-10-03 | 16:05:01 : Auf Grund von "bas" sind die Monitore eingeschaltet
2016-10-03 | 16:06:01 : Auf Grund von "bas" sind die Monitore eingeschaltet
2016-10-03 | 16:07:01 : Auf Grund von "bas" sind die Monitore eingeschaltet
2016-10-03 | 16:08:01 : Auf Grund von "bas" sind die Monitore eingeschaltet
2016-10-03 | 16:09:01 : Auf Grund von "bas" sind die Monitore eingeschaltet
2016-10-03 | 16:10:02 : Auf Grund von "bas" sind die Monitore eingeschaltet
2016-10-03 | 16:11:01 : Auf Grund von "bas" sind die Monitore eingeschaltet
2016-10-03 | 16:12:01 : Auf Grund von "bas" sind die Monitore eingeschaltet
2016-10-03 | 16:13:01 : Auf Grund von "bas" sind die Monitore eingeschaltet
2016-10-03 | 16:14:01 : Auf Grund von "bas" sind die Monitore eingeschaltet
2016-10-03 | 16:15:01 : Auf Grund von "bas" sind die Monitore eingeschaltet
2016-10-03 | 16:16:01 : Auf Grund von "bas" sind die Monitore eingeschaltet
2016-10-03 | 16:17:01 : Auf Grund von "bas" sind die Monitore eingeschaltet
2016-10-03 | 16:18:01 : Auf Grund von "bas" sind die Monitore eingeschaltet
2016-10-03 | 16:19:01 : Auf Grund von "bas" sind die Monitore eingeschaltet
2016-10-03 | 16:20:01 : Auf Grund von "bas" sind die Monitore eingeschaltet
2016-10-03 | 16:21:01 : Auf Grund von "bas" sind die Monitore eingeschaltet
2016-10-03 | 16:22:01 : Auf Grund von "bas" sind die Monitore eingeschaltet
2016-10-03 | 16:23:01 : Auf Grund von "bas" sind die Monitore eingeschaltet
2016-10-03 | 16:24:01 : Auf Grund von "bas" sind die Monitore eingeschaltet
2016-10-03 | 16:25:01 : Auf Grund von "bas" sind die Monitore eingeschaltet
2016-10-03 | 16:26:01 : Auf Grund von "bas" sind die Monitore eingeschaltet
2016-10-03 | 16:27:01 : Auf Grund von "bas" sind die Monitore eingeschaltet
2016-10-03 | 16:28:01 : Auf Grund von "bas" sind die Monitore eingeschaltet
2016-10-03 | 16:29:01 : Auf Grund von "bas" sind die Monitore eingeschaltet
2016-10-03 | 16:30:01 : Auf Grund von "bas" sind die Monitore eingeschaltet
2016-10-03 | 16:31:01 : Auf Grund von "bas" sind die Monitore eingeschaltet
2016-10-03 | 16:32:01 : Auf Grund von "bas" sind die Monitore eingeschaltet
2016-10-03 | 16:33:01 : Auf Grund von "bas" sind die Monitore eingeschaltet
2016-10-03 | 16:34:01 : Auf Grund von "bas" sind die Monitore eingeschaltet
2016-10-03 | 16:35:01 : Auf Grund von "bas" sind die Monitore eingeschaltet
2016-10-03 | 16:36:01 : Auf Grund von "bas" sind die Monitore eingeschaltet
2016-10-03 | 16:37:01 : Auf Grund von "bas" sind die Monitore eingeschaltet
2016-10-03 | 16:38:01 : Auf Grund von "bas" sind die Monitore eingeschaltet
2016-10-03 | 16:39:01 : Auf Grund von "bas" sind die Monitore eingeschaltet
2016-10-03 | 16:40:01 : Auf Grund von "bas" sind die Monitore eingeschaltet
2016-10-03 | 16:41:01 : Auf Grund von "bas" sind die Monitore eingeschaltet
2016-10-03 | 16:42:01 : Auf Grund von "bas" sind die Monitore eingeschaltet
2016-10-03 | 16:43:01 : Auf Grund von "bas" sind die Monitore eingeschaltet
2016-10-03 | 16:44:01 : Auf Grund von "bas" sind die Monitore eingeschaltet
2016-10-03 | 16:45:01 : Auf Grund von "bas" sind die Monitore eingeschaltet
2016-10-03 | 16:46:01 : Auf Grund von "bas" sind die Monitore eingeschaltet
2016-10-03 | 16:47:02 : Auf Grund von "bas" sind die Monitore eingeschaltet
2016-10-03 | 16:48:01 : Auf Grund von "bas" sind die Monitore eingeschaltet
2016-10-03 | 16:49:01 : Auf Grund von "bas" sind die Monitore eingeschaltet
2016-10-03 | 16:50:01 : Auf Grund von "bas" sind die Monitore eingeschaltet
2016-10-03 | 16:51:01 : Auf Grund von "bas" sind die Monitore eingeschaltet
2016-10-03 | 16:52:01 : Auf Grund von "bas" sind die Monitore eingeschaltet
2016-10-03 | 16:53:01 : Auf Grund von "bas" sind die Monitore eingeschaltet
2016-10-03 | 16:54:01 : Auf Grund von "bas" sind die Monitore eingeschaltet
2016-10-03 | 16:55:01 : Auf Grund von "bas" sind die Monitore eingeschaltet
2016-10-03 | 16:56:01 : Auf Grund von "bas" sind die Monitore eingeschaltet
2016-10-03 | 16:57:01 : Auf Grund von "bas" sind die Monitore eingeschaltet
2016-10-03 | 16:58:01 : Auf Grund von "bas" sind die Monitore eingeschaltet
2016-10-03 | 16:59:01 : Auf Grund von "bas" sind die Monitore eingeschaltet
2016-10-03 | 17:00:01 : Auf Grund von "bas" sind die Monitore eingeschaltet
2016-10-03 | 17:01:01 : Auf Grund von "bas" sind die Monitore eingeschaltet
2016-10-03 | 17:02:01 : Auf Grund von "bas" sind die Monitore eingeschaltet
2016-10-03 | 17:03:01 : Auf Grund von "bas" sind die Monitore eingeschaltet
2016-10-03 | 17:04:01 : Auf Grund von "bas" sind die Monitore eingeschaltet
2016-10-03 | 17:04:03 : Auf Grund von "bas" sind die Monitore eingeschaltet
2016-10-03 | 17:05:01 : Auf Grund von "bas" sind die Monitore eingeschaltet
2016-10-03 | 17:06:01 : Auf Grund von "bas" sind die Monitore eingeschaltet
2016-10-03 | 17:07:01 : Auf Grund von "bas" sind die Monitore eingeschaltet
2016-10-03 | 17:08:01 : Auf Grund von "bas" sind die Monitore eingeschaltet
2016-10-03 | 17:09:01 : Auf Grund von "bas" sind die Monitore eingeschaltet
2016-10-03 | 17:10:01 : Auf Grund von "bas" sind die Monitore eingeschaltet
2016-10-03 | 17:11:01 : Auf Grund von "bas" sind die Monitore eingeschaltet
2016-10-03 | 17:12:01 : Auf Grund von "bas" sind die Monitore eingeschaltet
2016-10-03 | 17:13:01 : Auf Grund von "bas" sind die Monitore eingeschaltet
2016-10-03 | 17:14:01 : Auf Grund von "bas" sind die Monitore eingeschaltet
2016-10-03 | 17:15:01 : Auf Grund von "bas" sind die Monitore eingeschaltet
2016-10-03 | 17:16:01 : Auf Grund von "bas" sind die Monitore eingeschaltet
2016-10-03 | 17:17:01 : Auf Grund von "bas" sind die Monitore eingeschaltet
2016-10-03 | 17:18:01 : Auf Grund von "bas" sind die Monitore eingeschaltet
2016-10-03 | 17:19:01 : Auf Grund von "bas" sind die Monitore eingeschaltet
2016-10-03 | 17:20:01 : Auf Grund von "bas" sind die Monitore eingeschaltet
2016-10-03 | 17:21:01 : Auf Grund von "bas" sind die Monitore eingeschaltet
2016-10-03 | 17:22:01 : Auf Grund von "bas" sind die Monitore eingeschaltet
2016-10-03 | 17:23:01 : Auf Grund von "bas" sind die Monitore eingeschaltet
2016-10-03 | 17:24:01 : Auf Grund von "bas" sind die Monitore eingeschaltet
2016-10-03 | 17:25:01 : Auf Grund von "bas" sind die Monitore eingeschaltet
2016-10-03 | 17:26:02 : Auf Grund von "bas" sind die Monitore eingeschaltet
2016-10-03 | 17:27:01 : Auf Grund von "bas" sind die Monitore eingeschaltet
2016-10-03 | 17:28:01 : Auf Grund von "bas" sind die Monitore eingeschaltet
2016-10-03 | 17:29:01 : Auf Grund von "bas" sind die Monitore eingeschaltet
2016-10-03 | 17:30:01 : Auf Grund von "bas" sind die Monitore eingeschaltet
2016-10-03 | 17:31:01 : Auf Grund von "bas" sind die Monitore eingeschaltet
2016-10-03 | 17:32:01 : Auf Grund von "bas" sind die Monitore eingeschaltet
2016-10-03 | 17:33:01 : Auf Grund von "bas" sind die Monitore eingeschaltet
2016-10-03 | 17:34:01 : Auf Grund von "bas" sind die Monitore eingeschaltet
2016-10-03 | 17:35:01 : Auf Grund von "bas" sind die Monitore eingeschaltet
2016-10-03 | 17:36:01 : Auf Grund von "bas" sind die Monitore eingeschaltet
2016-10-03 | 17:37:01 : Auf Grund von "bas" sind die Monitore eingeschaltet
2016-10-03 | 17:38:01 : Auf Grund von "bas" sind die Monitore eingeschaltet
2016-10-03 | 17:39:01 : Auf Grund von "bas" sind die Monitore eingeschaltet
2016-10-03 | 17:40:01 : Auf Grund von "bas" sind die Monitore eingeschaltet
2016-10-03 | 17:41:01 : Auf Grund von "bas" sind die Monitore eingeschaltet
2016-10-03 | 17:42:01 : Auf Grund von "bas" sind die Monitore eingeschaltet
2016-10-03 | 17:43:01 : Auf Grund von "bas" sind die Monitore eingeschaltet
2016-10-03 | 17:44:01 : Auf Grund von "bas" sind die Monitore eingeschaltet
2016-10-03 | 17:45:01 : Auf Grund von "bas" sind die Monitore eingeschaltet
2016-10-03 | 17:46:01 : Auf Grund von "bas" sind die Monitore eingeschaltet
2016-10-03 | 17:47:01 : Auf Grund von "bas" sind die Monitore eingeschaltet
2016-10-03 | 17:48:01 : Auf Grund von "bas" sind die Monitore eingeschaltet
2016-10-03 | 17:49:01 : Auf Grund von "bas" sind die Monitore eingeschaltet
2016-10-03 | 17:50:01 : Auf Grund von "bas" sind die Monitore eingeschaltet
2016-10-03 | 17:51:01 : Auf Grund von "bas" sind die Monitore eingeschaltet
2016-10-03 | 17:52:01 : Auf Grund von "bas" sind die Monitore eingeschaltet
2016-10-03 | 17:53:01 : Auf Grund von "bas" sind die Monitore eingeschaltet
2016-10-03 | 17:54:01 : Auf Grund von "bas" sind die Monitore eingeschaltet
2016-10-03 | 17:55:01 : Auf Grund von "bas" sind die Monitore eingeschaltet
2016-10-03 | 17:56:01 : Auf Grund von "bas" sind die Monitore eingeschaltet
2016-10-03 | 17:57:01 : Auf Grund von "bas" sind die Monitore eingeschaltet
2016-10-03 | 17:58:01 : Auf Grund von "bas" sind die Monitore eingeschaltet
2016-10-03 | 17:59:01 : Auf Grund von "bas" sind die Monitore eingeschaltet
2016-10-03 | 18:00:01 : Auf Grund von "bas" sind die Monitore eingeschaltet
2016-10-03 | 18:01:01 : Auf Grund von "bas" sind die Monitore eingeschaltet
2016-10-03 | 18:02:01 : Auf Grund von "bas" sind die Monitore eingeschaltet
2016-10-03 | 18:03:01 : Auf Grund von "bas" sind die Monitore eingeschaltet
2016-10-03 | 18:04:01 : Auf Grund von "bas" sind die Monitore eingeschaltet
2016-10-03 | 18:05:01 : Auf Grund von "bas" sind die Monitore eingeschaltet
2016-10-03 | 18:06:01 : Auf Grund von "bas" sind die Monitore eingeschaltet
2016-10-03 | 18:07:01 : Auf Grund von "bas" sind die Monitore eingeschaltet
2016-10-03 | 18:08:02 : Auf Grund von "bas" sind die Monitore eingeschaltet
2016-10-03 | 18:09:01 : Auf Grund von "bas" sind die Monitore eingeschaltet
2016-10-03 | 18:10:01 : Auf Grund von "bas" sind die Monitore eingeschaltet
2016-10-03 | 18:11:01 : Auf Grund von "bas" sind die Monitore eingeschaltet
2016-10-03 | 18:12:01 : Auf Grund von "bas" sind die Monitore eingeschaltet
2016-10-03 | 18:13:01 : Auf Grund von "bas" sind die Monitore eingeschaltet
2016-10-03 | 18:14:01 : Auf Grund von "bas" sind die Monitore eingeschaltet
2016-10-03 | 18:15:01 : Auf Grund von "bas" sind die Monitore eingeschaltet
2016-10-03 | 18:16:01 : Auf Grund von "bas" sind die Monitore eingeschaltet
2016-10-03 | 18:17:01 : Auf Grund von "bas" sind die Monitore eingeschaltet
2016-10-03 | 18:18:01 : Auf Grund von "bas" sind die Monitore eingeschaltet
2016-10-03 | 18:19:01 : Auf Grund von "bas" sind die Monitore eingeschaltet
2016-10-03 | 18:20:01 : Auf Grund von "bas" sind die Monitore eingeschaltet
2016-10-03 | 18:21:01 : Auf Grund von "bas" sind die Monitore eingeschaltet
2016-10-03 | 18:22:01 : Auf Grund von "bas" sind die Monitore eingeschaltet
2016-10-03 | 18:23:01 : Auf Grund von "bas" sind die Monitore eingeschaltet
2016-10-03 | 18:24:01 : Auf Grund von "bas" sind die Monitore eingeschaltet
2016-10-03 | 18:25:01 : Auf Grund von "bas" sind die Monitore eingeschaltet
2016-10-03 | 18:26:01 : Auf Grund von "bas" sind die Monitore eingeschaltet
2016-10-03 | 18:27:01 : Auf Grund von "bas" sind die Monitore eingeschaltet
2016-10-03 | 18:28:01 : Auf Grund von "bas" sind die Monitore eingeschaltet
2016-10-03 | 18:29:01 : Auf Grund von "bas" sind die Monitore eingeschaltet
2016-10-03 | 18:30:01 : Auf Grund von "bas" sind die Monitore eingeschaltet
2016-10-03 | 18:31:01 : Auf Grund von "bas" sind die Monitore eingeschaltet
2016-10-03 | 18:32:01 : Auf Grund von "bas" sind die Monitore eingeschaltet
2016-10-03 | 18:33:01 : Auf Grund von "bas" sind die Monitore eingeschaltet
2016-10-03 | 18:34:01 : Auf Grund von "bas" sind die Monitore eingeschaltet
2016-10-03 | 18:35:01 : Auf Grund von "bas" sind die Monitore eingeschaltet
2016-10-03 | 18:36:01 : Auf Grund von "bas" sind die Monitore eingeschaltet
2016-10-03 | 18:37:01 : Auf Grund von "bas" sind die Monitore eingeschaltet
2016-10-03 | 18:38:01 : Auf Grund von "bas" sind die Monitore eingeschaltet
2016-10-03 | 18:39:01 : Auf Grund von "bas" sind die Monitore eingeschaltet
2016-10-03 | 18:40:01 : Auf Grund von "bas" sind die Monitore eingeschaltet
2016-10-03 | 18:41:01 : Auf Grund von "bas" sind die Monitore eingeschaltet
2016-10-03 | 18:42:02 : Auf Grund von "bas" sind die Monitore eingeschaltet
2016-10-03 | 18:43:01 : Auf Grund von "bas" sind die Monitore eingeschaltet
2016-10-03 | 18:44:01 : Auf Grund von "bas" sind die Monitore eingeschaltet
2016-10-03 | 18:45:01 : Auf Grund von "bas" sind die Monitore eingeschaltet
2016-10-03 | 18:46:01 : Auf Grund von "bas" sind die Monitore eingeschaltet
2016-10-03 | 18:47:01 : Auf Grund von "bas" sind die Monitore eingeschaltet
2016-10-03 | 18:48:01 : Auf Grund von "bas" sind die Monitore eingeschaltet
2016-10-03 | 18:49:01 : Auf Grund von "bas" sind die Monitore eingeschaltet
2016-10-03 | 18:50:01 : Auf Grund von "bas" sind die Monitore eingeschaltet
2016-10-03 | 18:51:01 : Auf Grund von "bas" sind die Monitore eingeschaltet
2016-10-03 | 18:52:01 : Auf Grund von "bas" sind die Monitore eingeschaltet
2016-10-03 | 18:53:01 : Auf Grund von "bas" sind die Monitore eingeschaltet
2016-10-03 | 18:54:01 : Auf Grund von "bas" sind die Monitore eingeschaltet
2016-10-03 | 18:55:01 : Auf Grund von "bas" sind die Monitore eingeschaltet
2016-10-03 | 18:56:01 : Auf Grund von "bas" sind die Monitore eingeschaltet
2016-10-03 | 18:57:01 : Auf Grund von "bas" sind die Monitore eingeschaltet
2016-10-03 | 18:58:01 : Auf Grund von "bas" sind die Monitore eingeschaltet
2016-10-03 | 18:59:01 : Auf Grund von "bas" sind die Monitore eingeschaltet
2016-10-03 | 19:00:01 : Auf Grund von "bas" sind die Monitore eingeschaltet
2016-10-03 | 19:01:01 : Auf Grund von "bas" sind die Monitore eingeschaltet
2016-10-03 | 19:02:01 : Auf Grund von "bas" sind die Monitore eingeschaltet
2016-10-03 | 19:03:01 : Auf Grund von "bas" sind die Monitore eingeschaltet
2016-10-03 | 19:04:01 : Auf Grund von "bas" sind die Monitore eingeschaltet
2016-10-03 | 19:05:01 : Auf Grund von "bas" sind die Monitore eingeschaltet
2016-10-03 | 19:06:01 : Auf Grund von "bas" sind die Monitore eingeschaltet
2016-10-03 | 19:07:01 : Auf Grund von "bas" sind die Monitore eingeschaltet
2016-10-03 | 19:08:01 : Auf Grund von "bas" sind die Monitore eingeschaltet
2016-10-03 | 19:09:01 : Auf Grund von "bas" sind die Monitore eingeschaltet
2016-10-03 | 19:10:01 : Auf Grund von "bas" sind die Monitore eingeschaltet
2016-10-03 | 19:11:01 : Auf Grund von "bas" sind die Monitore eingeschaltet
2016-10-03 | 19:12:01 : Auf Grund von "bas" sind die Monitore eingeschaltet
2016-10-03 | 19:13:01 : Auf Grund von "bas" sind die Monitore eingeschaltet
2016-10-03 | 19:14:01 : Auf Grund von "bas" sind die Monitore eingeschaltet
2016-10-03 | 19:15:01 : Auf Grund von "bas" sind die Monitore eingeschaltet
2016-10-03 | 19:16:01 : Auf Grund von "bas" sind die Monitore eingeschaltet
2016-10-03 | 19:17:01 : Auf Grund von "bas" sind die Monitore eingeschaltet
2016-10-03 | 19:18:01 : Auf Grund von "bas" sind die Monitore eingeschaltet
2016-10-03 | 19:19:02 : Auf Grund von "bas" sind die Monitore eingeschaltet
2016-10-03 | 19:20:01 : Auf Grund von "bas" sind die Monitore eingeschaltet
2016-10-03 | 19:21:01 : Auf Grund von "bas" sind die Monitore eingeschaltet
2016-10-03 | 19:22:01 : Auf Grund von "bas" sind die Monitore eingeschaltet
2016-10-03 | 19:23:01 : Auf Grund von "bas" sind die Monitore eingeschaltet
2016-10-03 | 19:24:01 : Auf Grund von "bas" sind die Monitore eingeschaltet
2016-10-03 | 19:25:01 : Auf Grund von "bas" sind die Monitore eingeschaltet
2016-10-03 | 19:26:01 : Auf Grund von "bas" sind die Monitore eingeschaltet
2016-10-03 | 19:27:01 : Auf Grund von "bas" sind die Monitore eingeschaltet
2016-10-03 | 19:28:01 : Auf Grund von "bas" sind die Monitore eingeschaltet
2016-10-03 | 19:29:01 : Auf Grund von "bas" sind die Monitore eingeschaltet
2016-10-03 | 19:30:01 : Auf Grund von "bas" sind die Monitore eingeschaltet
2016-10-03 | 19:31:01 : Auf Grund von "bas" sind die Monitore eingeschaltet
2016-10-03 | 19:32:01 : Auf Grund von "bas" sind die Monitore eingeschaltet
2016-10-03 | 19:33:01 : Auf Grund von "bas" sind die Monitore eingeschaltet
2016-10-03 | 19:34:01 : Auf Grund von "bas" sind die Monitore eingeschaltet
2016-10-03 | 19:35:01 : Auf Grund von "bas" sind die Monitore eingeschaltet
2016-10-03 | 19:36:01 : Auf Grund von "bas" sind die Monitore eingeschaltet
2016-10-03 | 19:37:01 : Auf Grund von "bas" sind die Monitore eingeschaltet
2016-10-03 | 19:38:01 : Auf Grund von "bas" sind die Monitore eingeschaltet
2016-10-03 | 19:39:01 : Auf Grund von "bas" sind die Monitore eingeschaltet
2016-10-03 | 19:40:01 : Auf Grund von "bas" sind die Monitore eingeschaltet
2016-10-03 | 19:41:01 : Auf Grund von "bas" sind die Monitore eingeschaltet
2016-10-03 | 19:42:01 : Auf Grund von "bas" sind die Monitore eingeschaltet
2016-10-03 | 19:43:01 : Auf Grund von "bas" sind die Monitore eingeschaltet
2016-10-03 | 19:44:01 : Auf Grund von "bas" sind die Monitore eingeschaltet
2016-10-03 | 19:45:01 : Auf Grund von "bas" sind die Monitore eingeschaltet
2016-10-03 | 19:46:01 : Auf Grund von "bas" sind die Monitore eingeschaltet
2016-10-03 | 19:47:01 : Auf Grund von "bas" sind die Monitore eingeschaltet
2016-10-03 | 19:48:01 : Auf Grund von "bas" sind die Monitore eingeschaltet
2016-10-03 | 19:49:01 : Auf Grund von "bas" sind die Monitore eingeschaltet
2016-10-03 | 19:50:01 : Auf Grund von "bas" sind die Monitore eingeschaltet
2016-10-03 | 19:51:01 : Auf Grund von "bas" sind die Monitore eingeschaltet
2016-10-03 | 19:52:01 : Auf Grund von "bas" sind die Monitore eingeschaltet
2016-10-03 | 19:53:01 : Auf Grund von "bas" sind die Monitore eingeschaltet
2016-10-03 | 19:54:01 : Auf Grund von "bas" sind die Monitore eingeschaltet
2016-10-03 | 19:55:01 : Auf Grund von "bas" sind die Monitore eingeschaltet
2016-10-03 | 19:56:02 : Auf Grund von "bas" sind die Monitore eingeschaltet
2016-10-03 | 19:57:01 : Auf Grund von "bas" sind die Monitore eingeschaltet
2016-10-03 | 19:58:01 : Auf Grund von "bas" sind die Monitore eingeschaltet
2016-10-03 | 19:59:01 : Auf Grund von "bas" sind die Monitore eingeschaltet
2016-10-03 | 20:00:01 : Auf Grund von "bas" sind die Monitore eingeschaltet
2016-10-03 | 20:01:01 : Auf Grund von "bas" sind die Monitore eingeschaltet
2016-10-03 | 20:02:01 : Auf Grund von "bas" sind die Monitore eingeschaltet
2016-10-03 | 20:03:01 : Auf Grund von "bas" sind die Monitore eingeschaltet
2016-10-03 | 20:04:01 : Auf Grund von "bas" sind die Monitore eingeschaltet
2016-10-03 | 20:05:01 : Auf Grund von "bas" sind die Monitore eingeschaltet
2016-10-03 | 20:06:01 : Auf Grund von "bas" sind die Monitore eingeschaltet
2016-10-03 | 20:07:01 : Auf Grund von "bas" sind die Monitore eingeschaltet
2016-10-03 | 20:08:01 : Auf Grund von "bas" sind die Monitore eingeschaltet
2016-10-03 | 20:09:01 : Auf Grund von "bas" sind die Monitore eingeschaltet
2016-10-03 | 20:10:01 : Auf Grund von "bas" sind die Monitore eingeschaltet
2016-10-03 | 20:11:01 : Auf Grund von "bas" sind die Monitore eingeschaltet
2016-10-03 | 20:12:01 : Auf Grund von "bas" sind die Monitore eingeschaltet
2016-10-03 | 20:13:01 : Auf Grund von "bas" sind die Monitore eingeschaltet
2016-10-03 | 20:14:01 : Auf Grund von "bas" sind die Monitore eingeschaltet
2016-10-03 | 20:15:01 : Auf Grund von "bas" sind die Monitore eingeschaltet
2016-10-03 | 20:16:01 : Auf Grund von "bas" sind die Monitore eingeschaltet
2016-10-03 | 20:17:01 : Auf Grund von "bas" sind die Monitore eingeschaltet
2016-10-03 | 20:18:01 : Auf Grund von "bas" sind die Monitore eingeschaltet
2016-10-03 | 20:19:01 : Auf Grund von "bas" sind die Monitore eingeschaltet
2016-10-03 | 20:20:01 : Auf Grund von "bas" sind die Monitore eingeschaltet
2016-10-03 | 20:21:01 : Auf Grund von "bas" sind die Monitore eingeschaltet
2016-10-03 | 20:22:01 : Auf Grund von "bas" sind die Monitore eingeschaltet
2016-10-03 | 20:23:01 : Auf Grund von "bas" sind die Monitore eingeschaltet
2016-10-03 | 20:24:01 : Auf Grund von "bas" sind die Monitore eingeschaltet
2016-10-03 | 20:25:01 : Auf Grund von "bas" sind die Monitore eingeschaltet
2016-10-03 | 20:26:01 : Auf Grund von "bas" sind die Monitore eingeschaltet
2016-10-03 | 20:27:01 : Auf Grund von "bas" sind die Monitore eingeschaltet
2016-10-03 | 20:28:01 : Auf Grund von "bas" sind die Monitore eingeschaltet
2016-10-03 | 20:29:01 : Auf Grund von "bas" sind die Monitore eingeschaltet
2016-10-03 | 20:30:01 : Auf Grund von "bas" sind die Monitore eingeschaltet
2016-10-03 | 20:31:02 : Auf Grund von "bas" sind die Monitore eingeschaltet
2016-10-03 | 20:32:01 : Auf Grund von "bas" sind die Monitore eingeschaltet
2016-10-03 | 20:33:01 : Auf Grund von "bas" sind die Monitore eingeschaltet
2016-10-03 | 20:34:01 : Auf Grund von "bas" sind die Monitore eingeschaltet
2016-10-03 | 20:35:01 : Auf Grund von "bas" sind die Monitore eingeschaltet
2016-10-03 | 20:36:01 : Auf Grund von "bas" sind die Monitore eingeschaltet
2016-10-03 | 20:37:01 : Auf Grund von "bas" sind die Monitore eingeschaltet
2016-10-03 | 20:38:01 : Auf Grund von "bas" sind die Monitore eingeschaltet
2016-10-03 | 20:39:01 : Auf Grund von "bas" sind die Monitore eingeschaltet
2016-10-03 | 20:40:01 : Auf Grund von "bas" sind die Monitore eingeschaltet
2016-10-03 | 20:41:01 : Auf Grund von "bas" sind die Monitore eingeschaltet
2016-10-03 | 20:42:01 : Auf Grund von "bas" sind die Monitore eingeschaltet
2016-10-03 | 20:43:01 : Auf Grund von "bas" sind die Monitore eingeschaltet
2016-10-03 | 20:44:01 : Auf Grund von "bas" sind die Monitore eingeschaltet
2016-10-03 | 20:45:01 : Auf Grund von "bas" sind die Monitore eingeschaltet
2016-10-03 | 20:46:01 : Auf Grund von "bas" sind die Monitore eingeschaltet
2016-10-03 | 20:47:01 : Auf Grund von "bas" sind die Monitore eingeschaltet
2016-10-03 | 20:48:01 : Auf Grund von "bas" sind die Monitore eingeschaltet
2016-10-03 | 20:49:01 : Auf Grund von "bas" sind die Monitore eingeschaltet
2016-10-03 | 20:50:01 : Auf Grund von "bas" sind die Monitore eingeschaltet
2016-10-03 | 20:51:01 : Auf Grund von "bas" sind die Monitore eingeschaltet
2016-10-03 | 20:52:01 : Auf Grund von "bas" sind die Monitore eingeschaltet
2016-10-03 | 20:53:01 : Auf Grund von "bas" sind die Monitore eingeschaltet
2016-10-03 | 20:54:01 : Auf Grund von "bas" sind die Monitore eingeschaltet
2016-10-03 | 20:55:01 : Auf Grund von "bas" sind die Monitore eingeschaltet
2016-10-03 | 20:56:01 : Auf Grund von "bas" sind die Monitore eingeschaltet
2016-10-03 | 20:57:01 : Auf Grund von "bas" sind die Monitore eingeschaltet
2016-10-03 | 20:58:01 : Auf Grund von "bas" sind die Monitore eingeschaltet
2016-10-03 | 20:59:01 : Auf Grund von "bas" sind die Monitore eingeschaltet
2016-10-03 | 21:00:01 : Auf Grund von "bas" sind die Monitore eingeschaltet
2016-10-03 | 21:01:01 : Auf Grund von "bas" sind die Monitore eingeschaltet
2016-10-03 | 21:02:01 : Auf Grund von "bas" sind die Monitore eingeschaltet
2016-10-03 | 21:03:01 : Auf Grund von "bas" sind die Monitore eingeschaltet
2016-10-03 | 21:04:01 : Auf Grund von "bas" sind die Monitore eingeschaltet
2016-10-03 | 21:05:01 : Auf Grund von "bas" sind die Monitore eingeschaltet
2016-10-03 | 21:06:01 : Auf Grund von "bas" sind die Monitore eingeschaltet
2016-10-03 | 21:07:02 : Auf Grund von "bas" sind die Monitore eingeschaltet
2016-10-03 | 21:08:01 : Auf Grund von "bas" sind die Monitore eingeschaltet
2016-10-03 | 21:09:01 : Auf Grund von "bas" sind die Monitore eingeschaltet
2016-10-03 | 21:10:01 : Auf Grund von "bas" sind die Monitore eingeschaltet
2016-10-03 | 21:11:01 : Auf Grund von "bas" sind die Monitore eingeschaltet
